<?xml version="1.0" encoding="UTF-8"?>
<testsuites name="registration" time="95" tests="1" failures="0" errors="0">
   <testsuite name="registration" tests="1" failures="0" errors="0" time="95" timestamp="2019-07-04 12:50:18" hostname="DELL - DESKTOP-6QK8RF8" id="Test Suites/registration">
      <properties>
         <property name="deviceName" value=""/>
         <property name="devicePlatform" value=""/>
         <property name="logFolder" value="E:\\katalon\\damasproject\\Reports\\registration\\20190704_125012"/>
         <property name="logFiles" value="E:\\katalon\\damasproject\\Reports\\registration\\20190704_125012\\execution0.log"/>
         <property name="attachments" value=""/>
         <property name="hostName" value="DELL - DESKTOP-6QK8RF8"/>
         <property name="os" value="Windows 10 64bit"/>
         <property name="katalonVersion" value="6.0.5.4"/>
         <property name="browser" value="Firefox 67.0"/>
         <property name="hostAddress" value="192.168.56.1"/>
         <property name="sessionId" value="9f61852f-e9c6-4dcf-aee3-6557c9cb790c"/>
         <property name="seleniumVersion" value="3.7.1"/>
         <property name="proxyInformation" value="ProxyInformation{proxyOption=NO_PROXY, proxyServerType=HTTP, password=, proxyServerAddress=, proxyServerPort=0}"/>
         <property name="platform" value="Windows 10"/>
      </properties>
      <testcase name="Test Cases/cashregistration" classname="Test Cases/cashregistration" status="PASSED">
         <system-out><![CDATA[2019-07-04 12:50:18 - [TEST_CASE][PASSED] - Test Cases/cashregistration: Test Cases/cashregistration

2019-07-04 12:50:18 - [TEST_STEP][PASSED] - openBrowser(""): Browser is opened with url: ''

2019-07-04 12:50:18 - [MESSAGE][INFO] - Starting 'Firefox' driver

2019-07-04 12:50:18 - [MESSAGE][INFO] - Action delay is set to 0 seconds

2019-07-04 12:50:25 - [MESSAGE][PASSED] - Browser is opened with url: ''

2019-07-04 12:50:25 - [TEST_STEP][PASSED] - navigateToUrl("http://localhost:8090/eclinic/"): Navigate to 'http://localhost:8090/eclinic/' successfully

2019-07-04 12:50:25 - [MESSAGE][PASSED] - Navigate to 'http://localhost:8090/eclinic/' successfully

2019-07-04 12:50:25 - [TEST_STEP][PASSED] - delay(5): Delayed 5 second(s)

2019-07-04 12:50:30 - [MESSAGE][PASSED] - Delayed 5 second(s)

2019-07-04 12:50:30 - [TEST_STEP][PASSED] - setText(findTestObject("Components/logins/input_MEDAS HIS_user_name"), username): Text 'Admin' is set on object 'Object Repository/Components/logins/input_MEDAS HIS_user_name'

2019-07-04 12:50:30 - [MESSAGE][PASSED] - Text 'Admin' is set on object 'Object Repository/Components/logins/input_MEDAS HIS_user_name'

2019-07-04 12:50:30 - [TEST_STEP][PASSED] - setText(findTestObject("Components/logins/input_MEDAS HIS_user_password"), password): Text '12345' is set on object 'Object Repository/Components/logins/input_MEDAS HIS_user_password'

2019-07-04 12:50:30 - [MESSAGE][PASSED] - Text '12345' is set on object 'Object Repository/Components/logins/input_MEDAS HIS_user_password'

2019-07-04 12:50:30 - [TEST_STEP][PASSED] - click(findTestObject("Components/Buttons/login")): Object: 'Object Repository/Components/Buttons/login' is clicked on

2019-07-04 12:50:34 - [MESSAGE][PASSED] - Object: 'Object Repository/Components/Buttons/login' is clicked on

2019-07-04 12:50:34 - [TEST_STEP][PASSED] - click(findTestObject("cashregister/Page_eClinicUserAdministrator/officeselection")): Object: 'Object Repository/cashregister/Page_eClinicUserAdministrator/officeselection' is clicked on

2019-07-04 12:50:34 - [MESSAGE][PASSED] - Object: 'Object Repository/cashregister/Page_eClinicUserAdministrator/officeselection' is clicked on

2019-07-04 12:50:34 - [TEST_STEP][PASSED] - click(findTestObject("cashregister/Page_eClinicUserAdministrator/selectoffice")): Object: 'Object Repository/cashregister/Page_eClinicUserAdministrator/selectoffice' is clicked on

2019-07-04 12:50:34 - [MESSAGE][PASSED] - Object: 'Object Repository/cashregister/Page_eClinicUserAdministrator/selectoffice' is clicked on

2019-07-04 12:50:34 - [TEST_STEP][PASSED] - click(findTestObject("Components/Buttons/go")): Object: 'Object Repository/Components/Buttons/go' is clicked on

2019-07-04 12:50:37 - [MESSAGE][PASSED] - Object: 'Object Repository/Components/Buttons/go' is clicked on

2019-07-04 12:50:37 - [TEST_STEP][PASSED] - click(findTestObject("cashregister/Page_eClinicUserAdministrator/Frontdesktab")): Object: 'Object Repository/cashregister/Page_eClinicUserAdministrator/Frontdesktab' is clicked on

2019-07-04 12:50:42 - [MESSAGE][PASSED] - Object: 'Object Repository/cashregister/Page_eClinicUserAdministrator/Frontdesktab' is clicked on

2019-07-04 12:50:42 - [TEST_STEP][PASSED] - delay(3): Delayed 3 second(s)

2019-07-04 12:50:45 - [MESSAGE][PASSED] - Delayed 3 second(s)

2019-07-04 12:50:45 - [TEST_STEP][PASSED] - click(findTestObject("cashregister/Page_eClinicUserAdministrator/registrationTab")): Object: 'Object Repository/cashregister/Page_eClinicUserAdministrator/registrationTab' is clicked on

2019-07-04 12:51:27 - [MESSAGE][PASSED] - Object: 'Object Repository/cashregister/Page_eClinicUserAdministrator/registrationTab' is clicked on

2019-07-04 12:51:27 - [TEST_STEP][PASSED] - delay(3): Delayed 3 second(s)

2019-07-04 12:51:30 - [MESSAGE][PASSED] - Delayed 3 second(s)

2019-07-04 12:51:30 - [TEST_STEP][PASSED] - click(findTestObject("cashregister/Page_eClinicUserAdministrator/ReferralSelectionClick")): Object: 'Object Repository/cashregister/Page_eClinicUserAdministrator/ReferralSelectionClick' is clicked on

2019-07-04 12:51:30 - [MESSAGE][PASSED] - Object: 'Object Repository/cashregister/Page_eClinicUserAdministrator/ReferralSelectionClick' is clicked on

2019-07-04 12:51:30 - [TEST_STEP][PASSED] - click(findTestObject("cashregister/Page_eClinicUserAdministrator/ReferralSelected")): Object: 'Object Repository/cashregister/Page_eClinicUserAdministrator/ReferralSelected' is clicked on

2019-07-04 12:51:30 - [MESSAGE][PASSED] - Object: 'Object Repository/cashregister/Page_eClinicUserAdministrator/ReferralSelected' is clicked on

2019-07-04 12:51:30 - [TEST_STEP][PASSED] - click(findTestObject("cashregister/Page_eClinicUserAdministrator/ConsultationSelectionClick")): Object: 'Object Repository/cashregister/Page_eClinicUserAdministrator/ConsultationSelectionClick' is clicked on

2019-07-04 12:51:31 - [MESSAGE][PASSED] - Object: 'Object Repository/cashregister/Page_eClinicUserAdministrator/ConsultationSelectionClick' is clicked on

2019-07-04 12:51:31 - [TEST_STEP][PASSED] - click(findTestObject("cashregister/Page_eClinicUserAdministrator/ConsultationSelected")): Object: 'Object Repository/cashregister/Page_eClinicUserAdministrator/ConsultationSelected' is clicked on

2019-07-04 12:51:31 - [MESSAGE][PASSED] - Object: 'Object Repository/cashregister/Page_eClinicUserAdministrator/ConsultationSelected' is clicked on

2019-07-04 12:51:31 - [TEST_STEP][PASSED] - click(findTestObject("cashregister/Page_eClinicUserAdministrator/AlreadyGenerated")): Object: 'Object Repository/cashregister/Page_eClinicUserAdministrator/AlreadyGenerated' is clicked on

2019-07-04 12:51:31 - [MESSAGE][PASSED] - Object: 'Object Repository/cashregister/Page_eClinicUserAdministrator/AlreadyGenerated' is clicked on

2019-07-04 12:51:31 - [TEST_STEP][PASSED] - setText(findTestObject("cashregister/Page_eClinicUserAdministrator/PatientName"), patientname): Text '2Auto15' is set on object 'Object Repository/cashregister/Page_eClinicUserAdministrator/PatientName'

2019-07-04 12:51:31 - [MESSAGE][PASSED] - Text '2Auto15' is set on object 'Object Repository/cashregister/Page_eClinicUserAdministrator/PatientName'

2019-07-04 12:51:31 - [TEST_STEP][PASSED] - setText(findTestObject("cashregister/Page_eClinicUserAdministrator/DOB"), "11111985"): Text '11111985' is set on object 'Object Repository/cashregister/Page_eClinicUserAdministrator/DOB'

2019-07-04 12:51:31 - [MESSAGE][PASSED] - Text '11111985' is set on object 'Object Repository/cashregister/Page_eClinicUserAdministrator/DOB'

2019-07-04 12:51:31 - [TEST_STEP][PASSED] - click(findTestObject("cashregister/Page_eClinicUserAdministrator/GenderClick")): Object: 'Object Repository/cashregister/Page_eClinicUserAdministrator/GenderClick' is clicked on

2019-07-04 12:51:32 - [MESSAGE][PASSED] - Object: 'Object Repository/cashregister/Page_eClinicUserAdministrator/GenderClick' is clicked on

2019-07-04 12:51:32 - [TEST_STEP][PASSED] - selectOptionByValue(findTestObject("cashregister/Page_eClinicUserAdministrator/GenderSelected"), "Male", true): All options with value 'Male' are selected in object 'Object Repository/cashregister/Page_eClinicUserAdministrator/GenderSelected'  using regular expression

2019-07-04 12:51:32 - [MESSAGE][PASSED] - All options with value 'Male' are selected in object 'Object Repository/cashregister/Page_eClinicUserAdministrator/GenderSelected'  using regular expression

2019-07-04 12:51:32 - [TEST_STEP][PASSED] - selectOptionByValue(findTestObject("cashregister/Page_eClinicUserAdministrator/VisaTypeSelected"), "resident", true): All options with value 'resident' are selected in object 'Object Repository/cashregister/Page_eClinicUserAdministrator/VisaTypeSelected'  using regular expression

2019-07-04 12:51:32 - [MESSAGE][PASSED] - All options with value 'resident' are selected in object 'Object Repository/cashregister/Page_eClinicUserAdministrator/VisaTypeSelected'  using regular expression

2019-07-04 12:51:32 - [TEST_STEP][PASSED] - selectOptionByValue(findTestObject("cashregister/Page_eClinicUserAdministrator/Mobile1Ext"), "97155", true): All options with value '97155' are selected in object 'Object Repository/cashregister/Page_eClinicUserAdministrator/Mobile1Ext'  using regular expression

2019-07-04 12:51:33 - [MESSAGE][PASSED] - All options with value '97155' are selected in object 'Object Repository/cashregister/Page_eClinicUserAdministrator/Mobile1Ext'  using regular expression

2019-07-04 12:51:33 - [TEST_STEP][PASSED] - setText(findTestObject("cashregister/Page_eClinicUserAdministrator/MobilenumInserted"), mobile): Text '5654800199' is set on object 'Object Repository/cashregister/Page_eClinicUserAdministrator/MobilenumInserted'

2019-07-04 12:51:33 - [MESSAGE][PASSED] - Text '5654800199' is set on object 'Object Repository/cashregister/Page_eClinicUserAdministrator/MobilenumInserted'

2019-07-04 12:51:33 - [TEST_STEP][PASSED] - click(findTestObject("cashregister/Page_eClinicUserAdministrator/Mobile2ExtClick")): Object: 'Object Repository/cashregister/Page_eClinicUserAdministrator/Mobile2ExtClick' is clicked on

2019-07-04 12:51:33 - [MESSAGE][PASSED] - Object: 'Object Repository/cashregister/Page_eClinicUserAdministrator/Mobile2ExtClick' is clicked on

2019-07-04 12:51:33 - [TEST_STEP][PASSED] - click(findTestObject("cashregister/Page_eClinicUserAdministrator/Mobile2ExtSelected")): Object: 'Object Repository/cashregister/Page_eClinicUserAdministrator/Mobile2ExtSelected' is clicked on

2019-07-04 12:51:33 - [MESSAGE][PASSED] - Object: 'Object Repository/cashregister/Page_eClinicUserAdministrator/Mobile2ExtSelected' is clicked on

2019-07-04 12:51:33 - [TEST_STEP][PASSED] - setText(findTestObject("cashregister/Page_eClinicUserAdministrator/Mobile2Inserted"), "5841201214"): Text '5841201214' is set on object 'Object Repository/cashregister/Page_eClinicUserAdministrator/Mobile2Inserted'

2019-07-04 12:51:34 - [MESSAGE][PASSED] - Text '5841201214' is set on object 'Object Repository/cashregister/Page_eClinicUserAdministrator/Mobile2Inserted'

2019-07-04 12:51:34 - [TEST_STEP][PASSED] - click(findTestObject("cashregister/Page_eClinicUserAdministrator/CityClick")): Object: 'Object Repository/cashregister/Page_eClinicUserAdministrator/CityClick' is clicked on

2019-07-04 12:51:34 - [MESSAGE][PASSED] - Object: 'Object Repository/cashregister/Page_eClinicUserAdministrator/CityClick' is clicked on

2019-07-04 12:51:34 - [TEST_STEP][PASSED] - click(findTestObject("cashregister/Page_eClinicUserAdministrator/CitySelected")): Object: 'Object Repository/cashregister/Page_eClinicUserAdministrator/CitySelected' is clicked on

2019-07-04 12:51:34 - [MESSAGE][PASSED] - Object: 'Object Repository/cashregister/Page_eClinicUserAdministrator/CitySelected' is clicked on

2019-07-04 12:51:34 - [TEST_STEP][PASSED] - setText(findTestObject("cashregister/Page_eClinicUserAdministrator/EmailInserted"), "we@qq.com"): Text 'we@qq.com' is set on object 'Object Repository/cashregister/Page_eClinicUserAdministrator/EmailInserted'

2019-07-04 12:51:34 - [MESSAGE][PASSED] - Text 'we@qq.com' is set on object 'Object Repository/cashregister/Page_eClinicUserAdministrator/EmailInserted'

2019-07-04 12:51:34 - [TEST_STEP][PASSED] - setText(findTestObject("cashregister/Page_eClinicUserAdministrator/FathernameInserted"), "dad"): Text 'dad' is set on object 'Object Repository/cashregister/Page_eClinicUserAdministrator/FathernameInserted'

2019-07-04 12:51:34 - [MESSAGE][PASSED] - Text 'dad' is set on object 'Object Repository/cashregister/Page_eClinicUserAdministrator/FathernameInserted'

2019-07-04 12:51:34 - [TEST_STEP][PASSED] - setText(findTestObject("cashregister/Page_eClinicUserAdministrator/DesignationInserted"), "qa"): Text 'qa' is set on object 'Object Repository/cashregister/Page_eClinicUserAdministrator/DesignationInserted'

2019-07-04 12:51:34 - [MESSAGE][PASSED] - Text 'qa' is set on object 'Object Repository/cashregister/Page_eClinicUserAdministrator/DesignationInserted'

2019-07-04 12:51:34 - [TEST_STEP][PASSED] - click(findTestObject("cashregister/Page_eClinicUserAdministrator/SourceClick")): Object: 'Object Repository/cashregister/Page_eClinicUserAdministrator/SourceClick' is clicked on

2019-07-04 12:51:34 - [MESSAGE][PASSED] - Object: 'Object Repository/cashregister/Page_eClinicUserAdministrator/SourceClick' is clicked on

2019-07-04 12:51:34 - [TEST_STEP][PASSED] - click(findTestObject("cashregister/Page_eClinicUserAdministrator/SourceSelected")): Object: 'Object Repository/cashregister/Page_eClinicUserAdministrator/SourceSelected' is clicked on

2019-07-04 12:51:35 - [MESSAGE][PASSED] - Object: 'Object Repository/cashregister/Page_eClinicUserAdministrator/SourceSelected' is clicked on

2019-07-04 12:51:35 - [TEST_STEP][PASSED] - setText(findTestObject("cashregister/Page_eClinicUserAdministrator/SourceInserted"), "source tested"): Text 'source tested' is set on object 'Object Repository/cashregister/Page_eClinicUserAdministrator/SourceInserted'

2019-07-04 12:51:35 - [MESSAGE][PASSED] - Text 'source tested' is set on object 'Object Repository/cashregister/Page_eClinicUserAdministrator/SourceInserted'

2019-07-04 12:51:35 - [TEST_STEP][PASSED] - setText(findTestObject("cashregister/Page_eClinicUserAdministrator/EmergencyNameInserted"), "4578124512"): Text '4578124512' is set on object 'Object Repository/cashregister/Page_eClinicUserAdministrator/EmergencyNameInserted'

2019-07-04 12:51:35 - [MESSAGE][PASSED] - Text '4578124512' is set on object 'Object Repository/cashregister/Page_eClinicUserAdministrator/EmergencyNameInserted'

2019-07-04 12:51:35 - [TEST_STEP][PASSED] - setText(findTestObject("cashregister/Page_eClinicUserAdministrator/RelationInserted"), "fath"): Text 'fath' is set on object 'Object Repository/cashregister/Page_eClinicUserAdministrator/RelationInserted'

2019-07-04 12:51:35 - [MESSAGE][PASSED] - Text 'fath' is set on object 'Object Repository/cashregister/Page_eClinicUserAdministrator/RelationInserted'

2019-07-04 12:51:35 - [TEST_STEP][PASSED] - selectOptionByValue(findTestObject("cashregister/Page_eClinicUserAdministrator/DepartmentSelected"), "7", false): All options with value '7' are selected in object 'Object Repository/cashregister/Page_eClinicUserAdministrator/DepartmentSelected' 

2019-07-04 12:51:36 - [MESSAGE][PASSED] - All options with value '7' are selected in object 'Object Repository/cashregister/Page_eClinicUserAdministrator/DepartmentSelected' 

2019-07-04 12:51:36 - [TEST_STEP][PASSED] - selectOptionByValue(findTestObject("cashregister/Page_eClinicUserAdministrator/DoctorSelected"), "8", false): All options with value '8' are selected in object 'Object Repository/cashregister/Page_eClinicUserAdministrator/DoctorSelected' 

2019-07-04 12:51:36 - [MESSAGE][PASSED] - All options with value '8' are selected in object 'Object Repository/cashregister/Page_eClinicUserAdministrator/DoctorSelected' 

2019-07-04 12:51:36 - [TEST_STEP][PASSED] - selectOptionByValue(findTestObject("cashregister/Page_eClinicUserAdministrator/NationalitySelected"), "2", false): All options with value '2' are selected in object 'Object Repository/cashregister/Page_eClinicUserAdministrator/NationalitySelected' 

2019-07-04 12:51:36 - [MESSAGE][PASSED] - All options with value '2' are selected in object 'Object Repository/cashregister/Page_eClinicUserAdministrator/NationalitySelected' 

2019-07-04 12:51:36 - [TEST_STEP][PASSED] - setText(findTestObject("cashregister/Page_eClinicUserAdministrator/EmiratesIDInserted"), residenceid, CONTINUE_ON_FAILURE): Text '111-1111-1111111-1' is set on object 'Object Repository/cashregister/Page_eClinicUserAdministrator/EmiratesIDInserted'

2019-07-04 12:51:36 - [MESSAGE][PASSED] - Text '111-1111-1111111-1' is set on object 'Object Repository/cashregister/Page_eClinicUserAdministrator/EmiratesIDInserted'

2019-07-04 12:51:36 - [TEST_STEP][PASSED] - selectOptionByValue(findTestObject("cashregister/Page_eClinicUserAdministrator/OtherIDClick"), "3", false): All options with value '3' are selected in object 'Object Repository/cashregister/Page_eClinicUserAdministrator/OtherIDClick' 

2019-07-04 12:51:37 - [MESSAGE][PASSED] - All options with value '3' are selected in object 'Object Repository/cashregister/Page_eClinicUserAdministrator/OtherIDClick' 

2019-07-04 12:51:37 - [TEST_STEP][PASSED] - setText(findTestObject("cashregister/Page_eClinicUserAdministrator/OtherIDInserted"), "230232421"): Text '230232421' is set on object 'Object Repository/cashregister/Page_eClinicUserAdministrator/OtherIDInserted'

2019-07-04 12:51:37 - [MESSAGE][PASSED] - Text '230232421' is set on object 'Object Repository/cashregister/Page_eClinicUserAdministrator/OtherIDInserted'

2019-07-04 12:51:37 - [TEST_STEP][PASSED] - click(findTestObject("cashregister/Page_eClinicUserAdministrator/TelephoneClick")): Object: 'Object Repository/cashregister/Page_eClinicUserAdministrator/TelephoneClick' is clicked on

2019-07-04 12:51:37 - [MESSAGE][PASSED] - Object: 'Object Repository/cashregister/Page_eClinicUserAdministrator/TelephoneClick' is clicked on

2019-07-04 12:51:37 - [TEST_STEP][PASSED] - click(findTestObject("cashregister/Page_eClinicUserAdministrator/TelephoneSelected")): Object: 'Object Repository/cashregister/Page_eClinicUserAdministrator/TelephoneSelected' is clicked on

2019-07-04 12:51:37 - [MESSAGE][PASSED] - Object: 'Object Repository/cashregister/Page_eClinicUserAdministrator/TelephoneSelected' is clicked on

2019-07-04 12:51:37 - [TEST_STEP][PASSED] - setText(findTestObject("cashregister/Page_eClinicUserAdministrator/TelephoneInserted"), "231789512"): Text '231789512' is set on object 'Object Repository/cashregister/Page_eClinicUserAdministrator/TelephoneInserted'

2019-07-04 12:51:37 - [MESSAGE][PASSED] - Text '231789512' is set on object 'Object Repository/cashregister/Page_eClinicUserAdministrator/TelephoneInserted'

2019-07-04 12:51:37 - [TEST_STEP][PASSED] - setText(findTestObject("cashregister/Page_eClinicUserAdministrator/PostalCodeInserted"), "235687451"): Text '235687451' is set on object 'Object Repository/cashregister/Page_eClinicUserAdministrator/PostalCodeInserted'

2019-07-04 12:51:37 - [MESSAGE][PASSED] - Text '235687451' is set on object 'Object Repository/cashregister/Page_eClinicUserAdministrator/PostalCodeInserted'

2019-07-04 12:51:37 - [TEST_STEP][PASSED] - setText(findTestObject("cashregister/Page_eClinicUserAdministrator/MothernameInserted"), "mom"): Text 'mom' is set on object 'Object Repository/cashregister/Page_eClinicUserAdministrator/MothernameInserted'

2019-07-04 12:51:38 - [MESSAGE][PASSED] - Text 'mom' is set on object 'Object Repository/cashregister/Page_eClinicUserAdministrator/MothernameInserted'

2019-07-04 12:51:38 - [TEST_STEP][PASSED] - setText(findTestObject("cashregister/Page_eClinicUserAdministrator/EmergencyNumInserted"), "125658748"): Text '125658748' is set on object 'Object Repository/cashregister/Page_eClinicUserAdministrator/EmergencyNumInserted'

2019-07-04 12:51:38 - [MESSAGE][PASSED] - Text '125658748' is set on object 'Object Repository/cashregister/Page_eClinicUserAdministrator/EmergencyNumInserted'

2019-07-04 12:51:38 - [TEST_STEP][PASSED] - selectOptionByValue(findTestObject("cashregister/Page_eClinicUserAdministrator/RegistrationtypeSelected"), "Normal", false): All options with value 'Normal' are selected in object 'Object Repository/cashregister/Page_eClinicUserAdministrator/RegistrationtypeSelected' 

2019-07-04 12:51:38 - [MESSAGE][PASSED] - All options with value 'Normal' are selected in object 'Object Repository/cashregister/Page_eClinicUserAdministrator/RegistrationtypeSelected' 

2019-07-04 12:51:38 - [TEST_STEP][PASSED] - click(findTestObject("Components/Buttons/save")): Object: 'Object Repository/Components/Buttons/save' is clicked on

2019-07-04 12:51:42 - [MESSAGE][PASSED] - Object: 'Object Repository/Components/Buttons/save' is clicked on

2019-07-04 12:51:42 - [TEST_STEP][PASSED] - delay(5): Delayed 5 second(s)

2019-07-04 12:51:47 - [MESSAGE][PASSED] - Delayed 5 second(s)

2019-07-04 12:51:47 - [TEST_STEP][PASSED] - click(findTestObject("cashregister/Page_eClinicUserAdministrator/RegistrationlistTab")): Object: 'Object Repository/cashregister/Page_eClinicUserAdministrator/RegistrationlistTab' is clicked on

2019-07-04 12:51:47 - [MESSAGE][PASSED] - Object: 'Object Repository/cashregister/Page_eClinicUserAdministrator/RegistrationlistTab' is clicked on

2019-07-04 12:51:47 - [TEST_STEP][PASSED] - delay(3): Delayed 3 second(s)

2019-07-04 12:51:50 - [MESSAGE][PASSED] - Delayed 3 second(s)

2019-07-04 12:51:50 - [TEST_STEP][PASSED] - click(findTestObject("Components/Buttons/logout")): Object: 'Object Repository/Components/Buttons/logout' is clicked on

2019-07-04 12:51:51 - [MESSAGE][PASSED] - Object: 'Object Repository/Components/Buttons/logout' is clicked on

2019-07-04 12:51:51 - [TEST_STEP][PASSED] - closeBrowser(): Browser is closed

2019-07-04 12:51:53 - [MESSAGE][PASSED] - Browser is closed]]></system-out>
         <system-err><![CDATA[]]></system-err>
      </testcase>
      <system-out><![CDATA[2019-07-04 12:50:18 - [TEST_SUITE][PASSED] - registration: Test Cases/cashregistration]]></system-out>
      <system-err><![CDATA[]]></system-err>
   </testsuite>
</testsuites>
